2021-05-14 11:12:42,099 INFO org.springframework.boot.StartupInfoLogger [main] Starting ApiVintedApplication using Java 11.0.8 on DESKTOP-LMTAHC5 with PID 6284 (D:\CURSO\tareas_AndroidStudio\api_vinted\target\classes started by Isabel in D:\CURSO\tareas_AndroidStudio\api_vinted)
2021-05-14 11:12:42,099 INFO org.springframework.boot.SpringApplication [main] No active profile set, falling back to default profiles: default
2021-05-14 11:12:42,462 INFO org.springframework.data.repository.config.RepositoryConfigurationDelegate [main] Bootstrapping Spring Data JPA repositories in DEFAULT mode.
2021-05-14 11:12:42,485 INFO org.springframework.data.repository.config.RepositoryConfigurationDelegate [main] Finished Spring Data repository scanning in 26 ms. Found 2 JPA repository interfaces.
2021-05-14 11:12:42,917 INFO org.springframework.boot.web.embedded.tomcat.TomcatWebServer [main] Tomcat initialized with port(s): 8082 (http)
2021-05-14 11:12:42,933 INFO org.apache.juli.logging.DirectJDKLog [main] Initializing ProtocolHandler ["http-nio-8082"]
2021-05-14 11:12:42,933 INFO org.apache.juli.logging.DirectJDKLog [main] Starting service [Tomcat]
2021-05-14 11:12:42,933 INFO org.apache.juli.logging.DirectJDKLog [main] Starting Servlet engine: [Apache Tomcat/9.0.45]
2021-05-14 11:12:42,986 INFO org.apache.juli.logging.DirectJDKLog [main] Initializing Spring embedded WebApplicationContext
2021-05-14 11:12:42,986 INFO org.springframework.boot.web.servlet.context.ServletWebServerApplicationContext [main] Root WebApplicationContext: initialization completed in 856 ms
2021-05-14 11:12:43,071 INFO org.hibernate.jpa.internal.util.LogHelper [main] HHH000204: Processing PersistenceUnitInfo [name: default]
2021-05-14 11:12:43,102 INFO org.hibernate.Version [main] HHH000412: Hibernate ORM core version 5.4.30.Final
2021-05-14 11:12:43,171 INFO org.hibernate.annotations.common.reflection.java.JavaReflectionManager [main] HCANN000001: Hibernate Commons Annotations {5.1.2.Final}
2021-05-14 11:12:43,218 INFO com.zaxxer.hikari.HikariDataSource [main] HikariPool-1 - Starting...
2021-05-14 11:12:43,303 INFO com.zaxxer.hikari.HikariDataSource [main] HikariPool-1 - Start completed.
2021-05-14 11:12:43,318 INFO org.hibernate.dialect.Dialect [main] HHH000400: Using dialect: org.hibernate.dialect.MySQL55Dialect
2021-05-14 11:12:43,642 INFO org.hibernate.engine.transaction.jta.platform.internal.JtaPlatformInitiator [main] HHH000490: Using JtaPlatform implementation: [org.hibernate.engine.transaction.jta.platform.internal.NoJtaPlatform]
2021-05-14 11:12:43,642 INFO org.springframework.orm.jpa.AbstractEntityManagerFactoryBean [main] Initialized JPA EntityManagerFactory for persistence unit 'default'
2021-05-14 11:12:43,819 WARN org.springframework.boot.autoconfigure.orm.jpa.JpaBaseConfiguration$JpaWebConfiguration [main] spring.jpa.open-in-view is enabled by default. Therefore, database queries may be performed during view rendering. Explicitly configure spring.jpa.open-in-view to disable this warning
2021-05-14 11:12:43,872 INFO org.springframework.scheduling.concurrent.ExecutorConfigurationSupport [main] Initializing ExecutorService 'applicationTaskExecutor'
2021-05-14 11:12:43,973 INFO org.apache.juli.logging.DirectJDKLog [main] Starting ProtocolHandler ["http-nio-8082"]
2021-05-14 11:12:43,973 WARN org.springframework.context.support.AbstractApplicationContext [main] Exception encountered during context initialization - cancelling refresh attempt: org.springframework.context.ApplicationContextException: Failed to start bean 'webServerStartStop'; nested exception is org.springframework.boot.web.server.PortInUseException: Port 8082 is already in use
2021-05-14 11:12:43,973 INFO org.springframework.scheduling.concurrent.ExecutorConfigurationSupport [main] Shutting down ExecutorService 'applicationTaskExecutor'
2021-05-14 11:12:43,973 INFO org.springframework.orm.jpa.AbstractEntityManagerFactoryBean [main] Closing JPA EntityManagerFactory for persistence unit 'default'
2021-05-14 11:12:43,973 INFO com.zaxxer.hikari.HikariDataSource [main] HikariPool-1 - Shutdown initiated...
2021-05-14 11:12:43,988 INFO com.zaxxer.hikari.HikariDataSource [main] HikariPool-1 - Shutdown completed.
2021-05-14 11:12:43,988 INFO org.apache.juli.logging.DirectJDKLog [main] Pausing ProtocolHandler ["http-nio-8082"]
2021-05-14 11:12:43,988 INFO org.apache.juli.logging.DirectJDKLog [main] Stopping service [Tomcat]
2021-05-14 11:12:43,988 INFO org.apache.juli.logging.DirectJDKLog [main] Stopping ProtocolHandler ["http-nio-8082"]
2021-05-14 11:12:43,988 INFO org.apache.juli.logging.DirectJDKLog [main] Destroying ProtocolHandler ["http-nio-8082"]
2021-05-14 11:12:43,988 INFO org.springframework.boot.autoconfigure.logging.ConditionEvaluationReportLoggingListener [main] 

Error starting ApplicationContext. To display the conditions report re-run your application with 'debug' enabled.
2021-05-14 11:12:44,004 ERROR org.springframework.boot.diagnostics.LoggingFailureAnalysisReporter [main] 

***************************
APPLICATION FAILED TO START
***************************

Description:

Web server failed to start. Port 8082 was already in use.

Action:

Identify and stop the process that's listening on port 8082 or configure this application to listen on another port.

2021-05-14 11:13:18,632 INFO org.springframework.boot.StartupInfoLogger [main] Starting ApiVintedApplication using Java 11.0.8 on DESKTOP-LMTAHC5 with PID 9064 (D:\CURSO\tareas_AndroidStudio\api_vinted\target\classes started by Isabel in D:\CURSO\tareas_AndroidStudio\api_vinted)
2021-05-14 11:13:18,632 INFO org.springframework.boot.SpringApplication [main] No active profile set, falling back to default profiles: default
2021-05-14 11:13:18,995 INFO org.springframework.data.repository.config.RepositoryConfigurationDelegate [main] Bootstrapping Spring Data JPA repositories in DEFAULT mode.
2021-05-14 11:13:19,017 INFO org.springframework.data.repository.config.RepositoryConfigurationDelegate [main] Finished Spring Data repository scanning in 25 ms. Found 2 JPA repository interfaces.
2021-05-14 11:13:19,450 INFO org.springframework.boot.web.embedded.tomcat.TomcatWebServer [main] Tomcat initialized with port(s): 8081 (http)
2021-05-14 11:13:19,465 INFO org.apache.juli.logging.DirectJDKLog [main] Initializing ProtocolHandler ["http-nio-8081"]
2021-05-14 11:13:19,465 INFO org.apache.juli.logging.DirectJDKLog [main] Starting service [Tomcat]
2021-05-14 11:13:19,465 INFO org.apache.juli.logging.DirectJDKLog [main] Starting Servlet engine: [Apache Tomcat/9.0.45]
2021-05-14 11:13:19,534 INFO org.apache.juli.logging.DirectJDKLog [main] Initializing Spring embedded WebApplicationContext
2021-05-14 11:13:19,534 INFO org.springframework.boot.web.servlet.context.ServletWebServerApplicationContext [main] Root WebApplicationContext: initialization completed in 871 ms
2021-05-14 11:13:19,619 INFO org.hibernate.jpa.internal.util.LogHelper [main] HHH000204: Processing PersistenceUnitInfo [name: default]
2021-05-14 11:13:19,650 INFO org.hibernate.Version [main] HHH000412: Hibernate ORM core version 5.4.30.Final
2021-05-14 11:13:19,719 INFO org.hibernate.annotations.common.reflection.java.JavaReflectionManager [main] HCANN000001: Hibernate Commons Annotations {5.1.2.Final}
2021-05-14 11:13:19,766 INFO com.zaxxer.hikari.HikariDataSource [main] HikariPool-1 - Starting...
2021-05-14 11:13:19,866 INFO com.zaxxer.hikari.HikariDataSource [main] HikariPool-1 - Start completed.
2021-05-14 11:13:19,866 INFO org.hibernate.dialect.Dialect [main] HHH000400: Using dialect: org.hibernate.dialect.MySQL55Dialect
2021-05-14 11:13:20,196 INFO org.hibernate.engine.transaction.jta.platform.internal.JtaPlatformInitiator [main] HHH000490: Using JtaPlatform implementation: [org.hibernate.engine.transaction.jta.platform.internal.NoJtaPlatform]
2021-05-14 11:13:20,196 INFO org.springframework.orm.jpa.AbstractEntityManagerFactoryBean [main] Initialized JPA EntityManagerFactory for persistence unit 'default'
2021-05-14 11:13:20,367 WARN org.springframework.boot.autoconfigure.orm.jpa.JpaBaseConfiguration$JpaWebConfiguration [main] spring.jpa.open-in-view is enabled by default. Therefore, database queries may be performed during view rendering. Explicitly configure spring.jpa.open-in-view to disable this warning
2021-05-14 11:13:20,436 INFO org.springframework.scheduling.concurrent.ExecutorConfigurationSupport [main] Initializing ExecutorService 'applicationTaskExecutor'
2021-05-14 11:13:20,521 INFO org.apache.juli.logging.DirectJDKLog [main] Starting ProtocolHandler ["http-nio-8081"]
2021-05-14 11:13:20,537 INFO org.springframework.boot.web.embedded.tomcat.TomcatWebServer [main] Tomcat started on port(s): 8081 (http) with context path ''
2021-05-14 11:13:20,537 INFO org.springframework.boot.StartupInfoLogger [main] Started ApiVintedApplication in 2.189 seconds (JVM running for 2.459)
2021-05-14 11:14:33,057 INFO org.apache.juli.logging.DirectJDKLog [http-nio-8081-exec-2] Initializing Spring DispatcherServlet 'dispatcherServlet'
2021-05-14 11:14:33,058 INFO org.springframework.web.servlet.FrameworkServlet [http-nio-8081-exec-2] Initializing Servlet 'dispatcherServlet'
2021-05-14 11:14:33,058 INFO org.springframework.web.servlet.FrameworkServlet [http-nio-8081-exec-2] Completed initialization in 0 ms
2021-05-14 11:14:33,113 INFO com.isabel.api_vinted.controller.ProductoController [http-nio-8081-exec-2] Inicio addProducto
2021-05-14 11:14:33,156 INFO com.isabel.api_vinted.controller.ProductoController [http-nio-8081-exec-2] Fin addProducto
2021-05-14 11:15:31,230 INFO com.isabel.api_vinted.controller.ProductoController [http-nio-8081-exec-3] Inicio addProducto
2021-05-14 11:15:31,239 INFO com.isabel.api_vinted.controller.ProductoController [http-nio-8081-exec-3] Fin addProducto
2021-05-14 11:16:42,308 WARN org.springframework.web.servlet.handler.AbstractHandlerExceptionResolver [http-nio-8081-exec-9] Resolved [org.springframework.web.HttpRequestMethodNotSupportedException: Request method 'POST' not supported]
2021-05-14 11:21:57,620 INFO org.springframework.boot.StartupInfoLogger [main] Starting ApiVintedApplication using Java 11.0.8 on DESKTOP-LMTAHC5 with PID 10764 (D:\CURSO\tareas_AndroidStudio\api_vinted\target\classes started by Isabel in D:\CURSO\tareas_AndroidStudio\api_vinted)
2021-05-14 11:21:57,620 INFO org.springframework.boot.SpringApplication [main] No active profile set, falling back to default profiles: default
2021-05-14 11:21:57,974 INFO org.springframework.data.repository.config.RepositoryConfigurationDelegate [main] Bootstrapping Spring Data JPA repositories in DEFAULT mode.
2021-05-14 11:21:58,006 INFO org.springframework.data.repository.config.RepositoryConfigurationDelegate [main] Finished Spring Data repository scanning in 26 ms. Found 2 JPA repository interfaces.
2021-05-14 11:21:58,445 INFO org.springframework.boot.web.embedded.tomcat.TomcatWebServer [main] Tomcat initialized with port(s): 8081 (http)
2021-05-14 11:21:58,445 INFO org.apache.juli.logging.DirectJDKLog [main] Initializing ProtocolHandler ["http-nio-8081"]
2021-05-14 11:21:58,445 INFO org.apache.juli.logging.DirectJDKLog [main] Starting service [Tomcat]
2021-05-14 11:21:58,445 INFO org.apache.juli.logging.DirectJDKLog [main] Starting Servlet engine: [Apache Tomcat/9.0.45]
2021-05-14 11:21:58,507 INFO org.apache.juli.logging.DirectJDKLog [main] Initializing Spring embedded WebApplicationContext
2021-05-14 11:21:58,507 INFO org.springframework.boot.web.servlet.context.ServletWebServerApplicationContext [main] Root WebApplicationContext: initialization completed in 848 ms
2021-05-14 11:21:58,607 INFO org.hibernate.jpa.internal.util.LogHelper [main] HHH000204: Processing PersistenceUnitInfo [name: default]
2021-05-14 11:21:58,623 INFO org.hibernate.Version [main] HHH000412: Hibernate ORM core version 5.4.30.Final
2021-05-14 11:21:58,692 INFO org.hibernate.annotations.common.reflection.java.JavaReflectionManager [main] HCANN000001: Hibernate Commons Annotations {5.1.2.Final}
2021-05-14 11:21:58,745 INFO com.zaxxer.hikari.HikariDataSource [main] HikariPool-1 - Starting...
2021-05-14 11:21:58,839 INFO com.zaxxer.hikari.HikariDataSource [main] HikariPool-1 - Start completed.
2021-05-14 11:21:58,846 INFO org.hibernate.dialect.Dialect [main] HHH000400: Using dialect: org.hibernate.dialect.MySQL55Dialect
2021-05-14 11:21:59,174 INFO org.hibernate.engine.transaction.jta.platform.internal.JtaPlatformInitiator [main] HHH000490: Using JtaPlatform implementation: [org.hibernate.engine.transaction.jta.platform.internal.NoJtaPlatform]
2021-05-14 11:21:59,174 INFO org.springframework.orm.jpa.AbstractEntityManagerFactoryBean [main] Initialized JPA EntityManagerFactory for persistence unit 'default'
2021-05-14 11:21:59,347 WARN org.springframework.boot.autoconfigure.orm.jpa.JpaBaseConfiguration$JpaWebConfiguration [main] spring.jpa.open-in-view is enabled by default. Therefore, database queries may be performed during view rendering. Explicitly configure spring.jpa.open-in-view to disable this warning
2021-05-14 11:21:59,411 INFO org.springframework.scheduling.concurrent.ExecutorConfigurationSupport [main] Initializing ExecutorService 'applicationTaskExecutor'
2021-05-14 11:21:59,510 INFO org.apache.juli.logging.DirectJDKLog [main] Starting ProtocolHandler ["http-nio-8081"]
2021-05-14 11:21:59,510 INFO org.springframework.boot.web.embedded.tomcat.TomcatWebServer [main] Tomcat started on port(s): 8081 (http) with context path ''
2021-05-14 11:21:59,525 INFO org.springframework.boot.StartupInfoLogger [main] Started ApiVintedApplication in 2.18 seconds (JVM running for 2.439)
2021-05-14 11:22:03,943 INFO org.apache.juli.logging.DirectJDKLog [http-nio-8081-exec-1] Initializing Spring DispatcherServlet 'dispatcherServlet'
2021-05-14 11:22:03,944 INFO org.springframework.web.servlet.FrameworkServlet [http-nio-8081-exec-1] Initializing Servlet 'dispatcherServlet'
2021-05-14 11:22:03,945 INFO org.springframework.web.servlet.FrameworkServlet [http-nio-8081-exec-1] Completed initialization in 1 ms
2021-05-14 11:22:04,001 INFO com.isabel.api_vinted.controller.UsuarioController [http-nio-8081-exec-1] Inicio addUsuario
2021-05-14 11:22:04,040 INFO com.isabel.api_vinted.controller.UsuarioController [http-nio-8081-exec-1] Fin addUsuario
